2016-12-18 15:48:25 - PHP Warning:  array_merge(): Argument #2 is not an array in C:\xampp\htdocs\shopfashion-opencart\catalog\view\theme\pav_styleshop\template\common\header.tpl on line 11
2016-12-18 15:48:55 - PHP Warning:  array_merge(): Argument #2 is not an array in C:\xampp\htdocs\shopfashion-opencart\catalog\view\theme\pav_styleshop\template\common\header.tpl on line 11
2016-12-18 23:32:44 - PHP Notice:  Undefined index: contact_customhtml in C:\xampp\htdocs\shopfashion-opencart\catalog\view\theme\pav_styleshop\template\information\contact.tpl on line 78
2016-12-18 23:37:01 - PHP Notice:  Undefined index: contact_customhtml in C:\xampp\htdocs\shopfashion-opencart\catalog\view\theme\pav_styleshop\template\information\contact.tpl on line 78
2016-12-18 23:37:23 - PHP Notice:  Undefined index: contact_customhtml in C:\xampp\htdocs\shopfashion-opencart\catalog\view\theme\pav_styleshop\template\information\contact.tpl on line 78
2016-12-18 23:37:36 - PHP Notice:  Undefined index: contact_customhtml in C:\xampp\htdocs\shopfashion-opencart\catalog\view\theme\pav_styleshop\template\information\contact.tpl on line 78
2016-12-18 23:37:50 - PHP Notice:  Undefined index: contact_customhtml in C:\xampp\htdocs\shopfashion-opencart\catalog\view\theme\pav_styleshop\template\information\contact.tpl on line 78
2016-12-18 23:37:58 - PHP Notice:  Undefined index: contact_customhtml in C:\xampp\htdocs\shopfashion-opencart\catalog\view\theme\pav_styleshop\template\information\contact.tpl on line 78
2016-12-18 23:38:03 - PHP Notice:  Undefined index: contact_customhtml in C:\xampp\htdocs\shopfashion-opencart\catalog\view\theme\pav_styleshop\template\information\contact.tpl on line 78
2016-12-19 2:25:42 - PHP Notice:  Undefined variable: text_contact1 in C:\xampp\htdocs\shopfashion-opencart\catalog\view\theme\pav_styleshop\template\common\footer.tpl on line 39
2016-12-19 2:26:22 - PHP Notice:  Undefined variable: contact1 in C:\xampp\htdocs\shopfashion-opencart\catalog\view\theme\pav_styleshop\template\common\footer.tpl on line 39
2016-12-19 2:26:22 - PHP Notice:  Undefined variable: text_contact1 in C:\xampp\htdocs\shopfashion-opencart\catalog\view\theme\pav_styleshop\template\common\footer.tpl on line 39
2016-12-19 2:58:34 - PHP Notice:  Undefined index: text in C:\xampp\htdocs\shopfashion-opencart\catalog\view\theme\default\template\checkout\cart.tpl on line 5
2016-12-19 3:01:09 - PHP Notice:  Undefined variable: heading_title in C:\xampp\htdocs\shopfashion-opencart\catalog\view\theme\default\template\checkout\cart.tpl on line 32
2016-12-19 3:01:28 - PHP Notice:  Undefined variable: column_image in C:\xampp\htdocs\shopfashion-opencart\catalog\view\theme\default\template\checkout\cart.tpl on line 42
2016-12-19 3:01:28 - PHP Notice:  Undefined variable: column_name in C:\xampp\htdocs\shopfashion-opencart\catalog\view\theme\default\template\checkout\cart.tpl on line 43
2016-12-19 3:01:28 - PHP Notice:  Undefined variable: column_model in C:\xampp\htdocs\shopfashion-opencart\catalog\view\theme\default\template\checkout\cart.tpl on line 44
2016-12-19 3:01:28 - PHP Notice:  Undefined variable: column_quantity in C:\xampp\htdocs\shopfashion-opencart\catalog\view\theme\default\template\checkout\cart.tpl on line 45
2016-12-19 3:01:28 - PHP Notice:  Undefined variable: column_price in C:\xampp\htdocs\shopfashion-opencart\catalog\view\theme\default\template\checkout\cart.tpl on line 46
2016-12-19 3:01:28 - PHP Notice:  Undefined variable: column_total in C:\xampp\htdocs\shopfashion-opencart\catalog\view\theme\default\template\checkout\cart.tpl on line 47
2016-12-19 3:01:28 - PHP Notice:  Undefined variable: button_update in C:\xampp\htdocs\shopfashion-opencart\catalog\view\theme\default\template\checkout\cart.tpl on line 78
2016-12-19 3:01:28 - PHP Notice:  Undefined variable: button_remove in C:\xampp\htdocs\shopfashion-opencart\catalog\view\theme\default\template\checkout\cart.tpl on line 79
2016-12-19 3:01:28 - PHP Notice:  Undefined variable: text_next in C:\xampp\htdocs\shopfashion-opencart\catalog\view\theme\default\template\checkout\cart.tpl on line 104
2016-12-19 3:01:28 - PHP Notice:  Undefined variable: text_next_choice in C:\xampp\htdocs\shopfashion-opencart\catalog\view\theme\default\template\checkout\cart.tpl on line 105
2016-12-19 3:01:28 - PHP Notice:  Undefined variable: button_shopping in C:\xampp\htdocs\shopfashion-opencart\catalog\view\theme\default\template\checkout\cart.tpl on line 126
2016-12-19 3:01:28 - PHP Notice:  Undefined variable: button_checkout in C:\xampp\htdocs\shopfashion-opencart\catalog\view\theme\default\template\checkout\cart.tpl on line 127
2016-12-19 11:09:21 - PHP Notice:  Undefined variable: heading_title in C:\xampp\htdocs\shopfashion-opencart\catalog\view\theme\default\template\checkout\cart.tpl on line 32
2016-12-19 11:09:22 - PHP Notice:  Undefined variable: column_image in C:\xampp\htdocs\shopfashion-opencart\catalog\view\theme\default\template\checkout\cart.tpl on line 42
2016-12-19 11:09:22 - PHP Notice:  Undefined variable: column_name in C:\xampp\htdocs\shopfashion-opencart\catalog\view\theme\default\template\checkout\cart.tpl on line 43
2016-12-19 11:09:22 - PHP Notice:  Undefined variable: column_model in C:\xampp\htdocs\shopfashion-opencart\catalog\view\theme\default\template\checkout\cart.tpl on line 44
2016-12-19 11:09:22 - PHP Notice:  Undefined variable: column_quantity in C:\xampp\htdocs\shopfashion-opencart\catalog\view\theme\default\template\checkout\cart.tpl on line 45
2016-12-19 11:09:22 - PHP Notice:  Undefined variable: column_price in C:\xampp\htdocs\shopfashion-opencart\catalog\view\theme\default\template\checkout\cart.tpl on line 46
2016-12-19 11:09:22 - PHP Notice:  Undefined variable: column_total in C:\xampp\htdocs\shopfashion-opencart\catalog\view\theme\default\template\checkout\cart.tpl on line 47
2016-12-19 11:09:22 - PHP Notice:  Undefined variable: button_update in C:\xampp\htdocs\shopfashion-opencart\catalog\view\theme\default\template\checkout\cart.tpl on line 78
2016-12-19 11:09:22 - PHP Notice:  Undefined variable: button_remove in C:\xampp\htdocs\shopfashion-opencart\catalog\view\theme\default\template\checkout\cart.tpl on line 79
2016-12-19 11:09:22 - PHP Notice:  Undefined variable: text_next in C:\xampp\htdocs\shopfashion-opencart\catalog\view\theme\default\template\checkout\cart.tpl on line 104
2016-12-19 11:09:22 - PHP Notice:  Undefined variable: text_next_choice in C:\xampp\htdocs\shopfashion-opencart\catalog\view\theme\default\template\checkout\cart.tpl on line 105
2016-12-19 11:09:22 - PHP Notice:  Undefined variable: button_shopping in C:\xampp\htdocs\shopfashion-opencart\catalog\view\theme\default\template\checkout\cart.tpl on line 126
2016-12-19 11:09:22 - PHP Notice:  Undefined variable: button_checkout in C:\xampp\htdocs\shopfashion-opencart\catalog\view\theme\default\template\checkout\cart.tpl on line 127
